{
  "stats": {
    "suites": 3,
    "tests": 5,
    "passes": 5,
    "pending": 0,
    "failures": 0,
    "start": "2025-07-25T21:21:21.815Z",
    "end": "2025-07-25T21:21:21.866Z",
    "duration": 51,
    "testsRegistered": 5,
    "passPercent": 100,
    "pendingPercent": 0,
    "other": 0,
    "hasOther": false,
    "skipped": 0,
    "hasSkipped": false
  },
  "results": [
    {
      "uuid": "feae3939-d533-4e6c-a41a-d842979e07ac",
      "title": "",
      "fullFile": "",
      "file": "",
      "beforeHooks": [
        {
          "title": "\"before each\" hook in \"{root}\"",
          "fullTitle": "\"before each\" hook in \"{root}\"",
          "timedOut": false,
          "duration": 0,
          "state": null,
          "speed": null,
          "pass": false,
          "fail": false,
          "pending": false,
          "context": null,
          "code": "resetUsuarios();",
          "err": {},
          "uuid": "425d1e71-17c2-4f23-9d1e-9775af56f3af",
          "parentUUID": "feae3939-d533-4e6c-a41a-d842979e07ac",
          "isHook": true,
          "skipped": false
        },
        {
          "title": "\"before each\" hook in \"{root}\"",
          "fullTitle": "\"before each\" hook in \"{root}\"",
          "timedOut": false,
          "duration": 0,
          "state": null,
          "speed": null,
          "pass": false,
          "fail": false,
          "pending": false,
          "context": null,
          "code": "resetUsuarios();",
          "err": {},
          "uuid": "9e43cdc9-27d8-4000-b002-8af73ef96205",
          "parentUUID": "feae3939-d533-4e6c-a41a-d842979e07ac",
          "isHook": true,
          "skipped": false
        }
      ],
      "afterHooks": [],
      "tests": [],
      "suites": [
        {
          "uuid": "037a9bdb-8b72-4ed2-b110-f21b627f9191",
          "title": "Login",
          "fullFile": "/home/runner/work/api-login-desafio3/api-login-desafio3/test/login.test.js",
          "file": "/test/login.test.js",
          "beforeHooks": [],
          "afterHooks": [],
          "tests": [],
          "suites": [
            {
              "uuid": "33cc67ec-a8c4-45a0-9324-c486ee705f43",
              "title": "POST /login",
              "fullFile": "/home/runner/work/api-login-desafio3/api-login-desafio3/test/login.test.js",
              "file": "/test/login.test.js",
              "beforeHooks": [],
              "afterHooks": [],
              "tests": [
                {
                  "title": "Deve retornar 200 com um token em string e a mensagem \"Login realizado com sucesso\" quando eu fizer login com um usuário válido",
                  "fullTitle": "Login POST /login Deve retornar 200 com um token em string e a mensagem \"Login realizado com sucesso\" quando eu fizer login com um usuário válido",
                  "timedOut": false,
                  "duration": 24,
                  "state": "passed",
                  "speed": "fast",
                  "pass": true,
                  "fail": false,
                  "pending": false,
                  "context": null,
                  "code": "const response = await request(app)\n    .post('/login')\n    .set('Content-Type', 'application/json')\n    .send({\n        'usuario': 'Matheus',\n        'senha': '123456'\n    })\n    expect(response.status).to.equal(200)\n    expect(response.body.message).to.equal('Login realizado com sucesso!')\n    expect(response.body.token).to.be.a('string')",
                  "err": {},
                  "uuid": "ca488974-e691-4ed1-bb50-45fca578d5f5",
                  "parentUUID": "33cc67ec-a8c4-45a0-9324-c486ee705f43",
                  "isHook": false,
                  "skipped": false
                },
                {
                  "title": "Deve retornar 401 e a mensagem \"Credenciais inválidas\" quando eu inserir um usuario e senha inválidos",
                  "fullTitle": "Login POST /login Deve retornar 401 e a mensagem \"Credenciais inválidas\" quando eu inserir um usuario e senha inválidos",
                  "timedOut": false,
                  "duration": 4,
                  "state": "passed",
                  "speed": "fast",
                  "pass": true,
                  "fail": false,
                  "pending": false,
                  "context": null,
                  "code": "const response = await request(app)\n.post('/login')\n.set('Content-Type', 'application/json')\n.send({\n    'usuario': 'Random',\n    'senha': '654321'\n})\nexpect(response.status).to.equal(401)\nexpect(response.body.message).to.equal('Credenciais inválidas')",
                  "err": {},
                  "uuid": "8c191f5b-4d30-43b1-9d4d-9b0f2bfb0fe7",
                  "parentUUID": "33cc67ec-a8c4-45a0-9324-c486ee705f43",
                  "isHook": false,
                  "skipped": false
                },
                {
                  "title": "Deve retornar 401 e a mensagem \"Senha bloqueada após exceder o limite de 3 tentativas.\" quando eu inserir um usuário válido com uma senha incorreta 3 vezes",
                  "fullTitle": "Login POST /login Deve retornar 401 e a mensagem \"Senha bloqueada após exceder o limite de 3 tentativas.\" quando eu inserir um usuário válido com uma senha incorreta 3 vezes",
                  "timedOut": false,
                  "duration": 8,
                  "state": "passed",
                  "speed": "fast",
                  "pass": true,
                  "fail": false,
                  "pending": false,
                  "context": null,
                  "code": "// 1ª tentativa\nawait request(app)\n    .post('/login')\n    .set('Content-Type', 'application/json')\n    .send({\n        'usuario': 'Matheus',\n        'senha': 'senhaerrada1'\n    });\n// 2ª tentativa\nawait request(app)\n    .post('/login')\n    .set('Content-Type', 'application/json')\n    .send({\n        'usuario': 'Matheus',\n        'senha': 'senhaerrada2'\n    });\n// 3ª tentativa\nconst response = await request(app)\n    .post('/login')\n    .set('Content-Type', 'application/json')\n    .send({\n        'usuario': 'Matheus',\n        'senha': 'senhaerrada3'\n    });\nexpect(response.status).to.equal(401);\nexpect(response.body.message).to.equal('Senha bloqueada após exceder o limite de 3 tentativas.');",
                  "err": {},
                  "uuid": "bc5da62a-a47a-4c2c-84db-55525718bd5e",
                  "parentUUID": "33cc67ec-a8c4-45a0-9324-c486ee705f43",
                  "isHook": false,
                  "skipped": false
                }
              ],
              "suites": [],
              "passes": [
                "ca488974-e691-4ed1-bb50-45fca578d5f5",
                "8c191f5b-4d30-43b1-9d4d-9b0f2bfb0fe7",
                "bc5da62a-a47a-4c2c-84db-55525718bd5e"
              ],
              "failures": [],
              "pending": [],
              "skipped": [],
              "duration": 36,
              "root": false,
              "rootEmpty": false,
              "_timeout": 2000
            }
          ],
          "passes": [],
          "failures": [],
          "pending": [],
          "skipped": [],
          "duration": 0,
          "root": false,
          "rootEmpty": false,
          "_timeout": 2000
        },
        {
          "uuid": "f6ad9333-1a9f-4b98-8cd4-154d7c108617",
          "title": "POST /resetar-senha",
          "fullFile": "/home/runner/work/api-login-desafio3/api-login-desafio3/test/resetarSenha.test.js",
          "file": "/test/resetarSenha.test.js",
          "beforeHooks": [],
          "afterHooks": [],
          "tests": [
            {
              "title": "Deve retornar 200 e a mensagem \"Senha resetada com sucesso\"",
              "fullTitle": "POST /resetar-senha Deve retornar 200 e a mensagem \"Senha resetada com sucesso\"",
              "timedOut": false,
              "duration": 3,
              "state": "passed",
              "speed": "fast",
              "pass": true,
              "fail": false,
              "pending": false,
              "context": null,
              "code": "const res = await request(app)\n  .post('/resetar-senha')\n  .send({ usuario: 'Matheus', novaSenha: 'novaSenha123' });\nexpect(res.status).to.equal(200);\nexpect(res.body.message).to.match(/resetada/);\nconst user = usuarios.find(u => u.usuario === 'Matheus');\nexpect(user.senha).to.equal('novaSenha123');\nexpect(user.tentativas).to.equal(0);\nexpect(user.bloqueado).to.be.false;",
              "err": {},
              "uuid": "4051ef3e-44b6-46e9-9068-0f8ba97e974c",
              "parentUUID": "f6ad9333-1a9f-4b98-8cd4-154d7c108617",
              "isHook": false,
              "skipped": false
            },
            {
              "title": "Deve retornar 401 e a mensagem \"Credenciais inválidas\" quando eu tentar resetar a senha de um usuário inexistente",
              "fullTitle": "POST /resetar-senha Deve retornar 401 e a mensagem \"Credenciais inválidas\" quando eu tentar resetar a senha de um usuário inexistente",
              "timedOut": false,
              "duration": 2,
              "state": "passed",
              "speed": "fast",
              "pass": true,
              "fail": false,
              "pending": false,
              "context": null,
              "code": "const res = await request(app)\n  .post('/resetar-senha')\n  .send({ usuario: 'Yuri', novaSenha: 'qualquer' });\nexpect(res.status).to.equal(401);\nexpect(res.body.message).to.match(/credenciais/i);",
              "err": {},
              "uuid": "8229c008-4d51-4f47-a07b-b3d1e774706d",
              "parentUUID": "f6ad9333-1a9f-4b98-8cd4-154d7c108617",
              "isHook": false,
              "skipped": false
            }
          ],
          "suites": [],
          "passes": [
            "4051ef3e-44b6-46e9-9068-0f8ba97e974c",
            "8229c008-4d51-4f47-a07b-b3d1e774706d"
          ],
          "failures": [],
          "pending": [],
          "skipped": [],
          "duration": 5,
          "root": false,
          "rootEmpty": false,
          "_timeout": 2000
        }
      ],
      "passes": [],
      "failures": [],
      "pending": [],
      "skipped": [],
      "duration": 0,
      "root": true,
      "rootEmpty": true,
      "_timeout": 2000
    }
  ],
  "meta": {
    "mocha": {
      "version": "11.7.1"
    },
    "mochawesome": {
      "options": {
        "quiet": false,
        "reportFilename": "mochawesome",
        "saveHtml": true,
        "saveJson": true,
        "consoleReporter": "spec",
        "useInlineDiffs": false,
        "code": true
      },
      "version": "7.1.3"
    },
    "marge": {
      "options": null,
      "version": "6.2.0"
    }
  }
}