{
  "stats": {
    "suites": 3,
    "tests": 5,
    "passes": 5,
    "pending": 0,
    "failures": 0,
    "start": "2025-07-25T22:26:28.660Z",
    "end": "2025-07-25T22:26:28.704Z",
    "duration": 44,
    "testsRegistered": 5,
    "passPercent": 100,
    "pendingPercent": 0,
    "other": 0,
    "hasOther": false,
    "skipped": 0,
    "hasSkipped": false
  },
  "results": [
    {
      "uuid": "98aa6d11-a0b8-4d2e-8db1-a8662a71041c",
      "title": "",
      "fullFile": "",
      "file": "",
      "beforeHooks": [
        {
          "title": "\"before each\" hook in \"{root}\"",
          "fullTitle": "\"before each\" hook in \"{root}\"",
          "timedOut": false,
          "duration": 0,
          "state": null,
          "speed": null,
          "pass": false,
          "fail": false,
          "pending": false,
          "context": null,
          "code": "resetUsuarios();",
          "err": {},
          "uuid": "4eecf480-1e2b-47d2-9fff-01855cec7fbd",
          "parentUUID": "98aa6d11-a0b8-4d2e-8db1-a8662a71041c",
          "isHook": true,
          "skipped": false
        },
        {
          "title": "\"before each\" hook in \"{root}\"",
          "fullTitle": "\"before each\" hook in \"{root}\"",
          "timedOut": false,
          "duration": 0,
          "state": null,
          "speed": null,
          "pass": false,
          "fail": false,
          "pending": false,
          "context": null,
          "code": "resetUsuarios();",
          "err": {},
          "uuid": "fcb417a2-16e3-4f69-b7cb-ffd4b3172edc",
          "parentUUID": "98aa6d11-a0b8-4d2e-8db1-a8662a71041c",
          "isHook": true,
          "skipped": false
        }
      ],
      "afterHooks": [],
      "tests": [],
      "suites": [
        {
          "uuid": "007c19a0-2610-4d06-b64b-a765cb976775",
          "title": "Login",
          "fullFile": "/home/runner/work/api-login-desafio3/api-login-desafio3/test/login.test.js",
          "file": "/test/login.test.js",
          "beforeHooks": [],
          "afterHooks": [],
          "tests": [],
          "suites": [
            {
              "uuid": "d7898ebf-ed36-4193-a598-0ee219652819",
              "title": "POST /login",
              "fullFile": "/home/runner/work/api-login-desafio3/api-login-desafio3/test/login.test.js",
              "file": "/test/login.test.js",
              "beforeHooks": [],
              "afterHooks": [],
              "tests": [
                {
                  "title": "Deve retornar 200 com um token em string e a mensagem \"Login realizado com sucesso\" quando eu fizer login com um usuário válido",
                  "fullTitle": "Login POST /login Deve retornar 200 com um token em string e a mensagem \"Login realizado com sucesso\" quando eu fizer login com um usuário válido",
                  "timedOut": false,
                  "duration": 23,
                  "state": "passed",
                  "speed": "fast",
                  "pass": true,
                  "fail": false,
                  "pending": false,
                  "context": null,
                  "code": "const response = await request(app)\n    .post('/login')\n    .set('Content-Type', 'application/json')\n    .send({\n        'usuario': 'Matheus',\n        'senha': '123456'\n    })\n    expect(response.status).to.equal(200)\n    expect(response.body.message).to.equal('Login realizado com sucesso!')\n    expect(response.body.token).to.be.a('string')",
                  "err": {},
                  "uuid": "0ced87a0-af5a-46d6-be04-6c3dd9e9e46e",
                  "parentUUID": "d7898ebf-ed36-4193-a598-0ee219652819",
                  "isHook": false,
                  "skipped": false
                },
                {
                  "title": "Deve retornar 401 e a mensagem \"Credenciais inválidas\" quando eu inserir um usuario e senha inválidos",
                  "fullTitle": "Login POST /login Deve retornar 401 e a mensagem \"Credenciais inválidas\" quando eu inserir um usuario e senha inválidos",
                  "timedOut": false,
                  "duration": 3,
                  "state": "passed",
                  "speed": "fast",
                  "pass": true,
                  "fail": false,
                  "pending": false,
                  "context": null,
                  "code": "const response = await request(app)\n.post('/login')\n.set('Content-Type', 'application/json')\n.send({\n    'usuario': 'Random',\n    'senha': '654321'\n})\nexpect(response.status).to.equal(401)\nexpect(response.body.message).to.equal('Credenciais inválidas')",
                  "err": {},
                  "uuid": "65b886ac-f97e-456b-88a7-643794948896",
                  "parentUUID": "d7898ebf-ed36-4193-a598-0ee219652819",
                  "isHook": false,
                  "skipped": false
                },
                {
                  "title": "Deve retornar 401 e a mensagem \"Senha bloqueada após exceder o limite de 3 tentativas.\" quando eu inserir um usuário válido com uma senha incorreta 3 vezes",
                  "fullTitle": "Login POST /login Deve retornar 401 e a mensagem \"Senha bloqueada após exceder o limite de 3 tentativas.\" quando eu inserir um usuário válido com uma senha incorreta 3 vezes",
                  "timedOut": false,
                  "duration": 7,
                  "state": "passed",
                  "speed": "fast",
                  "pass": true,
                  "fail": false,
                  "pending": false,
                  "context": null,
                  "code": "// 1ª tentativa\nawait request(app)\n    .post('/login')\n    .set('Content-Type', 'application/json')\n    .send({\n        'usuario': 'Matheus',\n        'senha': 'senhaerrada1'\n    });\n// 2ª tentativa\nawait request(app)\n    .post('/login')\n    .set('Content-Type', 'application/json')\n    .send({\n        'usuario': 'Matheus',\n        'senha': 'senhaerrada2'\n    });\n// 3ª tentativa\nconst response = await request(app)\n    .post('/login')\n    .set('Content-Type', 'application/json')\n    .send({\n        'usuario': 'Matheus',\n        'senha': 'senhaerrada3'\n    });\nexpect(response.status).to.equal(401);\nexpect(response.body.message).to.equal('Senha bloqueada após exceder o limite de 3 tentativas.');",
                  "err": {},
                  "uuid": "a5af5570-70e4-4dd7-9ef5-22487da33f54",
                  "parentUUID": "d7898ebf-ed36-4193-a598-0ee219652819",
                  "isHook": false,
                  "skipped": false
                }
              ],
              "suites": [],
              "passes": [
                "0ced87a0-af5a-46d6-be04-6c3dd9e9e46e",
                "65b886ac-f97e-456b-88a7-643794948896",
                "a5af5570-70e4-4dd7-9ef5-22487da33f54"
              ],
              "failures": [],
              "pending": [],
              "skipped": [],
              "duration": 33,
              "root": false,
              "rootEmpty": false,
              "_timeout": 2000
            }
          ],
          "passes": [],
          "failures": [],
          "pending": [],
          "skipped": [],
          "duration": 0,
          "root": false,
          "rootEmpty": false,
          "_timeout": 2000
        },
        {
          "uuid": "3f5cf38a-88bb-4ed9-aa46-687f1f596c5e",
          "title": "POST /resetar-senha",
          "fullFile": "/home/runner/work/api-login-desafio3/api-login-desafio3/test/resetarSenha.test.js",
          "file": "/test/resetarSenha.test.js",
          "beforeHooks": [],
          "afterHooks": [],
          "tests": [
            {
              "title": "Deve retornar 200 e a mensagem \"Senha resetada com sucesso\"",
              "fullTitle": "POST /resetar-senha Deve retornar 200 e a mensagem \"Senha resetada com sucesso\"",
              "timedOut": false,
              "duration": 3,
              "state": "passed",
              "speed": "fast",
              "pass": true,
              "fail": false,
              "pending": false,
              "context": null,
              "code": "const res = await request(app)\n  .post('/resetar-senha')\n  .send({ usuario: 'Matheus', novaSenha: 'novaSenha123' });\nexpect(res.status).to.equal(200);\nexpect(res.body.message).to.match(/resetada/);\nconst user = usuarios.find(u => u.usuario === 'Matheus');\nexpect(user.senha).to.equal('novaSenha123');\nexpect(user.tentativas).to.equal(0);\nexpect(user.bloqueado).to.be.false;",
              "err": {},
              "uuid": "fed54edc-1c45-4f10-9dcf-536a8109c7e3",
              "parentUUID": "3f5cf38a-88bb-4ed9-aa46-687f1f596c5e",
              "isHook": false,
              "skipped": false
            },
            {
              "title": "Deve retornar 401 e a mensagem \"Credenciais inválidas\" quando eu tentar resetar a senha de um usuário inexistente",
              "fullTitle": "POST /resetar-senha Deve retornar 401 e a mensagem \"Credenciais inválidas\" quando eu tentar resetar a senha de um usuário inexistente",
              "timedOut": false,
              "duration": 2,
              "state": "passed",
              "speed": "fast",
              "pass": true,
              "fail": false,
              "pending": false,
              "context": null,
              "code": "const res = await request(app)\n  .post('/resetar-senha')\n  .send({ usuario: 'Yuri', novaSenha: 'qualquer' });\nexpect(res.status).to.equal(401);\nexpect(res.body.message).to.match(/credenciais/i);",
              "err": {},
              "uuid": "8979a510-7250-4e63-928e-d3e1aba206d6",
              "parentUUID": "3f5cf38a-88bb-4ed9-aa46-687f1f596c5e",
              "isHook": false,
              "skipped": false
            }
          ],
          "suites": [],
          "passes": [
            "fed54edc-1c45-4f10-9dcf-536a8109c7e3",
            "8979a510-7250-4e63-928e-d3e1aba206d6"
          ],
          "failures": [],
          "pending": [],
          "skipped": [],
          "duration": 5,
          "root": false,
          "rootEmpty": false,
          "_timeout": 2000
        }
      ],
      "passes": [],
      "failures": [],
      "pending": [],
      "skipped": [],
      "duration": 0,
      "root": true,
      "rootEmpty": true,
      "_timeout": 2000
    }
  ],
  "meta": {
    "mocha": {
      "version": "11.7.1"
    },
    "mochawesome": {
      "options": {
        "quiet": false,
        "reportFilename": "mochawesome",
        "saveHtml": true,
        "saveJson": true,
        "consoleReporter": "spec",
        "useInlineDiffs": false,
        "code": true
      },
      "version": "7.1.3"
    },
    "marge": {
      "options": null,
      "version": "6.2.0"
    }
  }
}